 
95470fe4-b731-45b6-877b-fe2d5329305b
2fb385d7-541a-47ec-989c-8a141f6eed43
fef8685a-d708-4ed6-b92b-43a60fd913ba
370ba8dd-5e0c-48fb-a851-411496dc7628
2a8a6645-4e75-4345-bf0d-da0bd9f7cc8a
0fd0c810-47b5-46b5-9592-3782a28bc83d
841c44c0-7b1b-4169-afc6-ecdd0fae2017
b2d71c75-ed4c-4466-b1bd-0b76543d3c8e
0055d44f-78a8-4c9f-8ee6-55b799bf274e
0123ff1f-75ee-46b3-8a01-5e2811e5e7da
dce5f395-f6ff-4fd8-9ea4-fe521db46277
62fa9b69-7100-4dbb-858b-c79eea9e1403
a80a5a2f-9251-47a6-80d5-67ccf5c0a3e6
c18538d1-9809-4d7e-a573-e4d297f2c9ab
7e2bbdae-e873-436a-8120-a7a0da4345e9
2552289e-9d27-47ad-8df5-844824680cdd
5bc11ced-57c8-49c2-92ec-1c8fcec8be4b
ada32ba6-c878-42db-9745-9b0fbc801307
566d2bdc-66aa-40f3-9747-00731fc84ac0
1ef8fe06-059e-455b-ae05-46886c763d24
b933c509-3cad-4812-9415-4845a07c9df9
c97b3611-c014-4b16-b836-2a2b2245c426
78e66de9-bb3b-4bf1-b515-ad036ab5251e
8da5bed7-dcb3-468d-8654-fcbd4a063f7e
05046e4b-9ae0-43b2-9072-5d28f0fd942a
11c0e344-0d27-44ce-9a4d-8d2b61ec2cb3
34cb5226-ce7f-4aba-89a8-32cb1978ce3b
c1869268-0acf-4e99-bc1a-890a4294dc1f
801bf001-71f8-4f16-af2e-fa7ebec4675b
c08ea62b-04f6-4ad9-83bb-d672d5c9e206
96bb103e-fdfb-4a9f-83b0-89b367459b84
b63d05bd-a1cb-4fbd-bf81-41288b006173
19d1fe3e-be32-416c-8341-b374f649291b
fb73eb26-3837-42d3-96ba-8576d968c01a
60730198-7855-4d44-a8f5-539f86aa2e29
6bea593c-ac8a-434a-818d-d5f665433caf
d3da20d4-b088-4471-8f42-c6c0ace52a10
52271893-025f-4a4a-8c06-a15b7c4a486b
dfcbb652-197a-4ff7-8d82-28ac2ae176c1
cfa83fba-d235-4c40-989f-56f67b7be231
6dc8b65b-955f-4155-acb0-2d6d41e8fa5f
7352f7bb-00a3-45fc-998a-56a75e70c343
06c18608-2099-4fd2-9d41-22148ba5d86b
d3601d30-e658-4729-b08f-443229f5f380
96bad5f8-d8e5-40f8-990b-217ca621e324
63298449-3c84-44c7-a5de-5e5f4fe8024e
69b60b38-02ae-43cb-8b57-872064b3a537
13ec8d11-a5c8-44dc-9afc-880de0957ffa
84fec92f-62e7-4029-a526-22ab080f32f7
8a3357b4-6497-4bfa-a445-6bae50ef750e
404e076e-e09c-4d59-bcfe-575616e1370e
6ede9c61-ba91-48f6-a5b8-cea06625af1c
c34dd60c-ebf1-4166-9707-29b377525ccf
38c4b526-ab46-4fcf-9635-46f787222e81
316ffe55-7be7-499a-9fab-bfa573024ba0
9443e5c9-a811-4adc-9650-96736e94b46a
9ecc2364-381d-400f-9f08-9da490c8242f
afd8c7f4-22d6-492e-ad78-85c584f56a8b
f37b9bca-0e7d-46e5-96c6-4ed14200a58a
bfbe598a-88b7-478d-a488-13b96bfa03a1
86f0b405-f62e-4be7-b1d9-ce848e2978e9
04913045-d151-4e6c-b1e8-7c601cc9a6ef
5948df74-81b2-4df1-8eda-04973356a30b
a89fa76b-fbcc-4835-bd79-8f377922dc66
8616a224-a0c0-41e4-bb0f-a8fd0800583b
60ae11f5-1f9f-4057-a9c7-09ddc4f70105
74bbb1e0-65fd-422e-aba1-348c001b6b0f
4487313d-6a11-465e-a45f-e3ac1793a013
38061c72-3c05-4853-b66b-c2aebfd9cbc9
744cc497-0715-4c41-9df3-0134a0b2a8d9
3f25cb09-9360-48e9-9505-53163a848184
5c86f778-92ab-43f6-850a-fb460fa9df0b
3e140ccd-4910-42cc-af99-12d2a31f08fd
080c6868-d4bf-41d1-8f42-bd92cef4aee1
de4d5c1a-0b46-4db9-9f31-d411eeb0924c
cff12631-f7c5-45b7-bc05-2b92d521fb08
319dd3a1-3f32-4c5b-8415-abe4620c45ec
1e56d99a-5f22-4d70-a945-2e13930ee11f
86d8d67c-7f91-4f70-ba83-f33d3f692f2e
5f87c683-04d6-419a-9519-e1deaa222d63
19a08ee0-93c6-4eec-a809-5610377a7138
7a018749-e331-41b4-86bb-af7dc9e4f201
f30b59a5-bba0-4d4c-8ddf-1720b733b012
e1111292-75c5-4ba8-93e2-21fe8df8fc88
cd22b8a1-abab-4b16-8493-5d1e1f898d7f
3eb9c224-dd30-4cc0-a791-c50da99d036f
328248b8-7876-4c11-927f-379c5c1aedf2
2140de96-b315-4c3c-b51c-a76974c433f9
de8c52dd-317d-4a64-8769-1442ebc7174c
9a3cdb76-b5f0-44b7-98d6-c3d0b04319d1
1978919a-2a1e-45b8-8d5b-202c9cb37233
b47683fc-1823-4e8b-944f-666b8bb41967
ae7ebcc0-6f4c-4201-a394-1fda12e630c1
d1bb4276-4317-45f3-94e4-d43029889222
3866494a-3f32-468b-af2c-c80ff8aef4c1
8de50d1f-c98b-4091-96a4-9698262bb25f
43b96860-e2f8-495e-8cf7-01b01f3d8f9d
b4124361-ba65-4e5d-b390-72f81612b2e2
3a06ae06-0267-4a27-b002-c493a46021d3
5aeb1277-35eb-4dd0-8a20-05a072eacddb
b716180b-880e-47b0-9fb8-13c31861b931
75cc2d4d-62d3-42a6-9430-8afcca256cab
9e2c6132-76ea-4ed7-bad6-fb0a0b10b162
6683daa3-46fc-4d1c-9ddf-3e429b9baab6
0505c1d8-0389-4463-9451-ca9284249239
d6b1e3cd-bd32-47bf-981a-9bc7eb6ef2e9
8989b4a8-dfc7-4d52-95f8-f77313229c1c
3c365cf2-cee5-440b-a6c7-736a20c89a4a
0725600d-43e9-4c93-bc1f-607ea83314e5
a70033aa-be28-4e94-b0fd-3ccd419fe867
1661df9b-1e19-45e5-bbb6-65c2cbf07565
17ba279d-b793-4349-a222-589b0c2765ed
a06dd4e8-ac0e-4925-9e94-cecdc6f601d5
ab644670-695d-48c3-ad08-6f13e1ffc1df
0d8cd398-ca20-416a-b3a6-8ece7e809874
6d932a9e-ec25-4afc-9649-45eaa9aa76c6
b7f39123-5d6a-4268-84da-22f86588ada2
e22ba253-e89c-4993-bcf3-81c94babeb7a
bd483db0-8aea-44c4-b6be-84e09ad4a8bf
cd530bc8-e29b-4ce6-8e49-1b2bfe7928f7
b4497d72-61c5-4f97-8c7f-e37e37a032dd
84c540aa-45f9-4522-94e0-1a3a4cd91f8e
961e6249-9ab1-42c3-a948-9a51841ab2bd
029d581e-2767-43a2-adcb-6d5a767ab9ac
8e141346-80ac-4f42-bb6c-11c831a2149d
1f8155b3-1d36-4da8-8b34-94435744888d
1abd517a-c879-46f0-ad1b-da56ba81f60b
761685b5-59c5-4f25-a4f5-880aed259019
c0d7b439-44af-4ecf-bc68-d576079a5ffe
fa6d4b01-64f5-4de2-8d91-192157aaf108
760a3b0e-1107-4fc2-9461-f65af82f7d33
e6c3c57c-aab7-4e54-b02d-285dd7b8fb46
3a987da3-b684-4807-8d5c-85d0eff036b6
9ba8b7fd-b42e-42ff-b3b7-1136e19541a9
1e8c5c32-546d-4027-b582-2048fd3fcf75
0dc67605-6d22-4e68-aedf-a526d06fc407
69a30741-4973-4cef-a3a5-f16f419c5b60
0a78629a-84b1-445c-9f66-5a50b4780159
a840849c-7695-4d73-88de-eb1377ffad12
e5f06165-4077-41f4-8c9f-00db07b2dcea
a5e51ffd-23fd-4995-9d5a-62cd3de12f9f
0c688668-c944-4dd0-a0e1-942862eb8763
2a2e1cd9-73a0-4db9-aba2-edf08cec1bfc
afd8c1ce-5cfd-484d-ae00-7604ed980393
f67cef07-7c32-48e8-af06-24873ea24772
e4e43678-6723-4bbf-9e86-133eb0a401a8
772e26b6-152b-4b2c-9b3d-2dfed7141994
9fdbe73e-dc59-425e-bdda-7a114f03dd69
c1e32325-764f-4cab-a6e4-0d39e61f11a5
c3452b50-8cfe-4142-8e14-baeff91bf2ad
64f6b97c-dce4-4fe0-a56f-ddf3fd11697e
9666b974-84fb-4a33-b262-f0bad472e9d4
e0317996-b07e-46c6-8c4a-0965fd4ad259
2ee34c89-91eb-4b23-a673-b0b6abe6dfca
6f1ba506-081e-4d41-ac59-5eed58a1384e
4e51ac55-4561-4734-a7ce-0134e50dc047
09edd47c-7878-455f-b9db-74890c9dc27f
d3e052ac-2f5a-4b91-b195-ae92898dcbea
f2bafa36-7ec0-4657-9585-2ce0f5875925
432d6234-ea75-4641-ad37-7309e152d470
2b5592af-c0b8-41f0-a14f-7786ff36ab25
38298435-397d-47e4-b811-28fe7ad08046
2c396aa8-3fd3-43bc-a079-dce2a75b93b7
66c2b54b-9226-4c91-8c7c-5772ff48989d
9bb265e3-6ba9-47c6-8d6d-c131cd1fdac5
ad897ac6-fa09-4ffb-8a48-1ce71b9796a4
08087c5e-7b0d-4f4f-a0de-0c4932e34ff5
b4072c0e-9074-4a47-973d-2557672a6093
1c45fa82-3da1-480a-82dc-d7230739db0b
467290d9-d979-4f05-bbab-5f2627b0b7cb
a1d5b9b9-5aa5-4053-92bb-685a7eb34379
a6f4fbb0-f6aa-4ef3-a994-5b658e97809f
b5063027-592c-4781-bfb2-7dc7e13a5694
ea06a825-094e-4cbe-ab9a-1bde275bd27d
9a0bd6b2-3b9c-4157-96f9-8ef3a17080c1
b41d0fad-8c7f-438f-9846-0c15509e31e0
94bfd3dc-bb38-49c3-95a4-3e7ab6ff30f9
19d5ab0f-86f0-4932-8c9b-a348704c8691
6e29b04a-68d0-4344-a924-175fff63a642
61be621a-63de-4e4b-9c53-8e8911462a3b
72065af0-8b00-4bcd-9361-f22b7a913ccc
9184aa68-6ffd-42aa-9c92-bdbf76f3e7a6
0e8f3d0e-c66b-4450-9ac0-20ef107855a9
54025a90-d645-4b20-baef-479b179c11af
e253340f-57df-4df8-bc26-a56dedab1db8
91d26f6e-5336-40d1-8fc5-7511d1502268
cac29690-6bdb-4bc0-b86f-13a5b45fd259
1740f711-a82a-4b44-818c-66cb53afd5bf
0a3a69a3-4747-4aa0-8be4-1e7a7dba8aae
233b6b46-2dff-4b20-8e25-c97d7fe18c13
759c60be-6c79-49fe-96e0-4de4906ef43b
b338f94b-ada2-4456-b493-e886fa1d8365
ac529ddc-275d-4769-9dfd-afeacaf6dd8a
f418ec0f-691b-46fb-bad8-6d770228ec53
c610fa81-d12b-4ac6-82df-65393b0b68a7
987b536e-bb16-4952-a654-0e46d4729363
b4483135-c094-4bcb-a652-9023cde91ccc
e5ed0428-c933-4dd5-a41d-ed33f03e8131
7ddfdc89-8a0b-4ab8-91db-a75803a2ed4f
0bd499d3-2fd0-4e3e-9a25-f64e506ad44a
f611917e-8c75-4f4f-bd80-8dfced07406e
710aac7e-f9ec-468b-b411-55badf0678a9
fbf2b6a8-598e-463d-a6c9-3c18dc6ec867
4f8e5525-cf81-45fc-8fa2-7a0cc491306c
2be882e1-7e16-41ee-9631-cc7f6a427893
d71a04d2-5558-44da-8eb7-505844fa61e6
b4a6f387-19da-4f9e-bed3-48552c2821d3
e48a33fb-3146-449d-8f42-3e6f7ca1f1d8
8639feea-ee4b-435b-8644-a0a43af0f58a
d677c04e-3280-4869-a02e-73ac02e8c7c3
cfae434b-20f1-42ff-b71d-1513f32a56a9
9f782778-b6a7-4eaa-9576-b9a347c5a804
a94092c4-8a87-4126-90b2-22a68cf1b6d6
227bb898-0a9b-484a-9178-24571fe0664e
963ef93c-7d2c-42fe-9056-304048520672
440c6d65-2ca6-4cfd-8825-f880e57fb4f0
4cdb1f62-183d-43e6-a652-1b4047e73cf6
ddad7f4a-324b-482b-8e72-4157c4ae3248
579ee556-05d8-4dbe-875f-0c3423d12aec
0b1efeac-e88a-46af-bea6-308ad1dbbea2
58c11346-1323-43ac-95c8-6ea34ee5d1ec
e94b2d41-10ca-4bf2-9caa-0c5f3f3ef404
5de26de7-4f64-4d83-b03c-78e9dcf08e37
ae34ad07-5c1d-407d-b873-505f3edfacfc
4b087bc0-5773-4163-bcc8-6c95d29c72a7
2a30a99a-92c9-464b-b3df-5ee596918df4
79c0ca01-97b5-4f91-a044-c40d72f395b5
2b812970-93be-4024-9610-47ed04642bc8
97349fb2-3507-4aea-a1c5-37c9440f5cda
325bdda1-7d7b-4225-bc53-3202b1a2e4d4
a7241674-4324-432d-b551-db348e6a0988
4c590c01-b9ea-469b-9a96-7396e26f85de
5d86719b-6371-4c50-bdda-feaec7ddd7ed
45267173-5e65-45ac-a928-48e30dcc5d5e
71162be5-2527-413a-aca6-7f4cad990f00
ed7ef206-6dc1-4cb9-91a7-5d18d634b697
f548f1f9-be97-43ab-8e1b-a60df7ee0d05
aa123f58-2fce-44f4-9cb6-a2e287543e9d
a1bd0603-006b-442a-ac7c-78502884ae47
7700ac7c-5790-4d93-8218-2c04a1e7f11f
9491e3c9-f92e-4106-a5ef-d6b8bed6555e
fefcf728-8019-48ab-af89-75d8f19d66b4
59acc899-668c-410e-bda7-8e50b3f900b0
c3850a51-45d8-41b0-ab7b-86fe24b0d511
eafd30d5-35a7-412f-bb2d-8eab508e5e2e
d04abc8d-f9be-483f-a102-b23b827e1d9c
f17cc093-bbc5-4d2d-aa22-97755d753c2e
d3d42cce-21bf-4fd4-94dc-8db067cc55d3
e6de25d4-f9b8-4dee-aa07-3e8b33a51438
8d2d2887-a182-44f7-b3f0-3a68867f9e1b
4a815f8b-4bb3-4742-b61d-c94c405c2dea
d08a0a59-eaec-4363-9ab2-326e6f42aa6f
41bbf7bc-ee23-4bed-a8f8-9ad5a59d736e
ae1a1e4e-7a0a-4c49-9e5c-23b7d9a29eb7
50d27768-ac07-4d49-bae8-53288f788c03
e15a2a57-e702-4531-b3e1-04c4eb0e31c2
3c8e2fea-abe2-4bd9-93eb-7002215adefc
37ef6329-e419-41b0-8fb0-55abad29f4c6
a7d3305a-e98d-46a8-81a9-9714d46cf4ba
078bbdfc-9e06-4a18-b5f2-5691da5dc5aa
76147854-4493-4e6c-847a-5f5e1f52fadd
f162ff0c-73e0-47f5-9a29-5e0808832c29
51711fd0-40d8-451f-82d6-24b2ffce10c5
26cddc6e-2151-4d57-958c-4fed9575a6a5
6b54912a-36ab-47b0-aefd-a9b032568cb3
79f1198e-87dd-4e38-a9b6-5d2e04031f98
1ff0a0e2-926a-4e21-8ab3-7a38b3a6d3d0
6d5f8130-4bc3-4b27-b6f5-01175165eff7
a0e96622-d0c6-486b-a381-2ab00e61c791
a13c212e-652a-4c79-8324-d3d3ee99f55d
bc2d3530-cd85-443b-be18-221a0345b651
7736ee75-8342-495a-8881-89be67185134
89d34e35-334e-4824-a6b0-9ad8580a58af
2105ffad-a7cc-480b-a3c7-f98cbf2505db
1e0ca266-726c-454a-922f-46f5ea09c82c
d6647df1-ece9-4da2-8fab-57ef7fde07f2
924e97a1-7d88-4607-989c-d7c94a94eb26
66c10e30-8cd7-4f40-b441-274de089aaeb
575db170-ff72-48ad-8c53-9c08f27ae4c7
d442179f-6acc-4599-8f71-73ba18dc6ee8
3db7b994-424f-4084-aee7-deff31a7d77d
12b1f968-251b-4c3a-bc75-56e2638b0f66
c203be91-44b7-4b64-8af5-29bd2402fe32
a4ca7a3f-e83b-4c47-8159-b4c7a9236c8d
358d0d7b-0fa4-43bd-932c-8d8bd36d0d42
d0dcd5ac-db14-4888-9ebf-64ef49b10feb
bdec2a20-d883-4692-8a5c-0d7672b3d9d9
9fa7d70f-cd56-4b36-b4ed-7af4464c6b23
f031f145-fda2-4775-8178-5cd976a7339a
88e9c474-f9a9-428d-b269-260c3669a065
94352f8e-6804-431c-8bf9-5c4577d6d980
578acab1-c655-418c-b39d-6a65a610d9ce
03d40b45-ff99-415e-ad88-a8d16c574223
912c37aa-425b-45d9-baf4-2513a849c1fa
1ca99d13-95be-4005-b607-529938267663
853571f7-9931-43bc-9e6f-596800abbe22
ee83944f-549c-444a-8abd-6608e6d6ed67
36defca5-8ec1-440b-b677-60341fa65702
e80dfaff-d0b3-46a1-b0c4-6e83f3c6c174
8618007a-f83a-4e12-b5fa-147cbf4a38ea
e400f448-ece7-499d-b961-17d20902fdac
53714ed6-2e81-494c-8e9f-e5c62db960a7
a4f5fa57-bd9a-4ab4-8323-ef62c743bd7d
30d2de01-990d-48f1-b751-d23e8fd56d5e
d5e2c6ae-444e-491a-bd83-79832fec7753
25dcc725-a0ed-4ac9-bc11-43d62a60b436
9f22c83e-f84e-4691-9d16-5bf42063e551
b5c371a3-07d4-4110-adb0-a0ec2d1591be
7e3d6aa3-bde2-4d04-943d-cb520c960434
ea35da26-7664-4c8a-9a34-4f98572bfd22
e1cfd78b-58ab-4546-923d-8fa39c130a16
bb879a79-49eb-483d-949e-65e7b4257c2c
73feec7c-c69f-4278-a25e-0af5ad29b7ee
6ec622fd-3fbf-425f-965f-b602f53ee376
676d822e-f616-4e8b-a8f3-d268047addd6
76d5a49a-1d5c-4185-ae3d-91abbed64e2a
a4714f97-caf7-4fd7-b33e-41fa491ec662
2a9fc087-3e0f-4734-8aae-004e3a51bcab
2616cd53-32bf-4259-88b6-0f6360c16598
8397afb6-9421-4796-be4c-4315f46ce10c
9f5ff9ab-fef3-488b-b23a-1f14818221f3
2904efb3-56b6-4f11-9577-641a2659dcf1
01bb68f9-2ade-403d-95c8-b74daef32952
8a6806ed-90b2-411d-85b0-7687d2fe6212
7e1ed968-0c0c-4b0a-9ad1-0a51a42bd07d
eb1e82e1-1c24-42be-8fb7-3f5484bc89b1
06d3cbb3-3172-4628-add9-7b7d1517ee97
8e4edd2d-1cdb-481e-959c-1b84ad581256
6d1421bf-48b5-4980-bf0e-fe520c69b1da
ed645a78-b974-4a9f-b377-0cc9a6fd6ea6
e3379610-20d9-4a0f-880e-baf979e36eca
f01d1b1e-3874-4d90-8788-988ca2865236
cf286849-3bb1-4233-9d84-5608ffa40b5e
b6cca107-55de-4416-81b2-6df764bb7050
02189809-6b66-4694-8e37-b00557be0741
bfe2775c-b0ca-4372-89a9-677f2f5eb4b8
5755dc5c-97f8-474f-849b-b147037523c4
7d55fda6-b954-4d13-9612-35e8425ec8bf
88992aac-42c9-4d5f-9bd0-4a092cb937e4
2e0c2e4a-007a-4bac-b01e-a29b926b931a
12f088e9-a21a-4b96-b14e-cc2e1b25a684
1610ee35-fd79-4719-bb66-dcbbe075dded
a3297eb8-d43e-410f-ae66-dffb1fb35856
dc1b9348-c871-4a33-97ea-4253fadf9d7d
8b290c08-8166-479d-9a80-71e08cd2959d
0034234c-000a-4889-92ab-2c7ab4a165ff
1b941635-25e2-4f9d-bd6d-776abaa53fd9
64c101bd-2cb9-4e9f-b56c-146e649f4c41
9f069c5b-2538-402c-9202-585d5e91cc32
1de8ee58-5e14-4150-bc32-6e91fefd62c8
69a480e5-ad3d-456f-9d88-dbc9ae2469db
2ac0a0d4-08f5-4c4a-8fae-e0b5bda10000
1773cdaa-a4f8-43f7-9dd4-c268110f0d88
43393d2c-749c-4821-9be3-d1a9efd26ce4
f7068703-7cd2-457b-8ce9-f27ab01509d4
65a8dd5b-a7f3-4159-a637-89d1659da494
841f1418-c1c3-419f-8a52-6fd82a680d90
84be7aef-7858-4b86-8332-25aaa060dfa3
41bfd029-6eb4-415a-a0d4-d561ab7f39e2
57e77d6f-0ce4-4488-a46c-69d35882e190
7a4574f6-2732-4559-84f1-be8a2e1d1604
9dbd4165-1ba0-447d-97a2-b69c77479091
74980da5-4c72-4e6f-8d51-4fcd3374e038
c5416148-4796-47a8-a6c8-537acea5fe7d
30c53701-8c50-4ca2-957b-a280121438ff
346ca4f0-6916-4fdc-b1c1-5543a889fe04
7381e69d-7334-4920-9533-1494b5a4639a
ee0006b9-1c6f-424c-b859-a500f37ce46e
ac6d2d2c-53ec-4595-9f0b-ba76813afdbb
47b63eed-b9c8-43c1-bfb1-d35cbeaed425
4101f73d-6c2b-49d4-8dc7-027bf757dea7
a6fa63d7-eb9c-4727-956d-9e3c7d3834c1
3a2f21b7-2a35-44f6-a861-5156741d2f94
dc8db185-4eaf-49f2-9ee2-0deb2d09952f
79aceba3-d978-4d4d-81c3-f16f28925a8c
50dfbc99-7af9-4446-865d-7ef7ccf94a17
ecaa1e3a-c555-4f8f-9f6d-e36862c66f5d
824dc8ef-5160-4b0e-99c3-a5358ddd51f0
44b8ddae-4eeb-4c8d-b79c-e114e5bf7a3e
d18e7d1e-e4c2-4bd9-bb9f-444c48fbd071
40f7b6d9-32c8-41da-9d8f-3065c98d51b2
1093f1a9-e6db-4af1-9b90-32c3a212ccd7
65e61fab-f4a1-490c-bae3-52fe75cdf8d2
f354c08d-a5c5-4e89-8ad9-ccebb1a837ba
3cb7746e-964c-4df0-b3b2-848f4bb99048
1fdf451c-2faf-42fd-beb9-3fa07f62808e
f027eaed-b7f7-4af4-9396-88096ea5d694
4d5213e0-eb48-436e-af00-75a1d3198a76
9a3efee4-5bf7-4620-8e61-85d993143614
2c265971-376c-4a06-a020-dc53860e1679
9eb9fe1d-5d44-4062-ae6f-c592684e21ee
4da02a3f-5ac7-4543-a7e0-ffc5dcdafbf5
de7f98fb-a776-4f91-9a05-69fe8a2989d0
61ba2318-ef56-4214-a882-d42b0d5a0fee
1ed674dd-cd45-4704-a4a0-4586538eb4b1
c7fa1d34-9f1b-4b37-a821-013ae7f2e189
0d7f9d79-0530-4631-afcd-2fb2781086f7
7559c386-f0f4-4e64-adb5-1b5c05a6b8e8
eeefbab5-7bdb-4fc4-9e2e-aa146f6eaa43
0165aa54-1721-4529-922c-3bc5175a39fb
04e51606-ea75-49bd-b7ca-9aed49d5d446
10626d0b-8419-4887-8a1f-9b4d6c47f3c2
b9526626-4c65-482d-87fa-2bbf4b8623ce
bb9134ad-a8d7-4554-ab9b-f094d22917b7
4af54a43-b688-40a4-8d1c-975a41ad68ca
a1162d7f-1fcc-4a66-ac2e-ae455fb22e76
4ac2092f-e010-44bc-bf7b-d80cebf561bc
46c03ea7-40de-4880-aa2b-a7bef4c90898
08c55c5e-6a50-4323-a2f0-cb750f59fadf
e7bede00-cfd6-490c-8b3e-e85d8d2e1996
b0009c39-bb20-48a3-a27f-3b8c10df1e4b
188e7b55-5151-4647-aa2a-76ef8f75509e
935c583e-7fd6-46ee-bcd2-2edf9a8c9c16
71b88466-1895-4bab-a765-ae1ebf3ac0d6
1f8b8d5b-9856-4d5a-866c-b10b344bdf2a
2723720f-4fdf-448d-b24e-4f2eb04beea2
714d7ffd-6348-4a93-9701-838a4c34e9ee
f78893b2-78e4-4e40-afce-4b83d8b436d2
e1d75a0b-5b68-4afb-ad8f-b020341a7e72
6ad85411-9954-4c2e-a6e5-4cb4ac6c7439
2312f36f-8a35-4d0b-801f-8fa28fec6695
5309eec2-52f0-46aa-83f0-1451511347b0
46638ada-1076-4457-b501-79a8914871fa
97d0d402-e51d-4817-916f-be714873abe2
a8942ca6-b6a9-4066-af25-8a44764c81fd
7d88e49a-ba28-4b66-ad70-e341bc6647d3
edb061f6-23f5-42e2-bf73-ab1c7efac739
655b0724-1771-4fda-aa3f-db845a23a694
81a72af0-e845-4efe-b39b-6ec8f05dd571
cc5df302-a12b-4743-9f92-84e1f622304a
07222eba-2d19-4cdf-80dd-1584a8eadff2
16ef97bd-389f-47d3-a0a5-c7be081e4418
3aa57e47-d1c9-4fdf-942c-f7d93e3a67d9
c828cfe0-c2cc-4a01-9303-dd1c79ae9a67
42fddfa3-24b4-42fc-9428-0b5e75adf061
583fdbed-58b8-43df-a302-603585eb9686
9130926a-d455-4bde-bc7b-9c37fc45de5a
e2130f81-4135-4336-9aff-1ed185275de1
e4b15646-8461-4d9a-97ea-8da0418302d7
448cd2b8-b142-49e6-be84-52fdd07227a2
9f2ff47a-aadf-4269-8f0e-224441cc71da
ecfa26cc-d141-45c8-8483-da925102c62c
af09c313-7b16-48a3-98c7-7a44784ceee7
5ce2778c-d726-4571-945d-3d8e4c9cbd07
12a680ec-cce7-4229-9bbf-a35b0cb2c334
d04ef5dc-3671-4c02-b532-0d488d67172b
05a88718-fcf6-48d1-ae66-c2d0ea2deda1
9e0b20f8-b798-4e1d-bc26-5845590b8c20
c2101f74-ff38-4eed-8baa-a77b307b2416
3e0ea86b-5be0-428a-a6e3-30128f6eb85c
ccbdab11-2027-4d8d-91da-b90b651dc71f
c96acb2b-59ed-4eae-aa31-45bfbe98d7b1
c8e28d08-9133-4532-9607-ab849e5fed16
d58a9eb0-a57d-4b3f-b17a-536f1de5ba2e
e9899b45-8a69-43fa-bd3e-575bda11264c
a267b8ea-d834-4a10-80ae-40d72d7b2fef
621e925c-5888-4738-8765-4ea78b0c5941
da338eb3-7a0f-41be-981f-15ae39347671
61793127-3192-4d76-8592-8fc4fe7fc3e9
594aa737-6bfe-4dc9-b34f-35c4a01b6ffa
0f99fbb7-3697-4488-8262-fb812169d526
08da492f-b69d-4d89-bf98-4043ee486909
f772baec-bee7-4ff4-a68b-708511707be7
dd907467-62ef-4994-891a-cecabe7b8d4c
4d9c047e-7f96-4fdc-850c-6ec86e7aa204
718673be-d774-474b-9984-5b68ac58aac0
016aab6b-1125-41ab-af01-f73a05c2d521
ab3d09c6-914f-4bc9-8ccd-bdc33f543a69
a78876b5-44ff-4b0c-a849-b550e97247f7
698c706e-e355-4b99-8fff-750a216aa499
e3cc48e4-24de-4c9c-8453-5a0adf1d822e
811e0f50-537f-48c9-b69d-07b501f0919c
a1d2c7dd-0a46-4903-a30f-55ffd33b35de
4a406941-8679-46ad-a472-391dfdc5609d
682e8b3b-bbb6-49b6-9f42-d51632cc818d
0851d8e6-8a54-4f0a-823f-cb9f437bea33
4971cd90-be82-41f6-a689-abf5d4f8af56
3cdac491-a038-49a7-937b-fd95d55d5344
60f7b1e2-e2c3-4ca9-b870-2878f321088c
eb73ae66-70b6-4fd5-8ebe-55c9787fb903
b42c878c-9b92-4a1c-a622-db157cb68a03
9946c4ec-9396-488d-8138-40f7d6aaf0b7
bcc5a3e6-ef37-474e-9aff-b6a94e062365
f7bbe24f-0ef1-412a-8a06-0234086223c6
6c6b9462-1745-4f00-8efd-111204bf4002
aa40954f-c6cc-47bf-b790-d989ff2b7e76
aae0b83f-8815-450c-8f1e-86758d31bbeb
20c33ecd-2a51-4e08-8013-1dfbfc4e7c09
8fbfc810-8fd6-47dd-a8cb-40145802ffc9
b6f2aee8-4386-4876-931d-b58a93549879
6a19c4fa-dcc7-41a3-bd35-cb6b476e88a4
f87825a5-7a35-4175-8d0f-bf9d5a7a1a69
d8a79393-e430-4ce9-b7d6-7cadd217d268
8911483b-1416-4dc8-874d-8f51a192f6d3
5bbbc23c-0dea-4437-8b5c-91b9a0b30bf4
829a3ec3-123c-401b-8229-256e63176e30
15a93514-71b9-41ca-a40b-72aa727dd8a4
20824bc9-e057-4970-9989-a79989e3acea
b990762c-c10b-4785-a23b-68e043c89c07
744d9448-b08a-4b44-926f-c33469d42a92
5dc18238-f916-4dc9-a5a0-b1f08424f265
16291223-39f9-4c58-add7-87fd59a69adf
86c20ae8-904a-4fe0-a49d-d9bb4a669a81
189878e2-eae3-4d2f-92cb-d09149d4ec9e
99116852-ae75-4f05-bd82-ffeaef761346
aabb6cca-21c8-4aac-ade4-4d2694117dee
be26c95a-b27a-42fb-b4d2-b9773c9bdb73
2149ee3c-9dff-4858-87db-692c0aaf5668
ab5f19cc-03be-44d5-b9b6-969b706d5733
8db08e68-d041-450c-b5bf-612b750b65f7
7ca555fc-b28b-4781-be12-39343fdb2bee
05068a67-34cd-49a5-9fe2-094dc292fca1
dd32e676-c00c-4330-bf7a-da5fdeb1a3a0
0eb1c1a1-be65-40b2-9669-c5629f0dba30
df4ca0a5-afec-485e-851a-cbed66b843f1
28decccc-2521-4f38-b272-7be980ffae98
d64e921c-e015-4910-8cc6-c2e383228eb4
bf39fcd1-3cb2-486f-9d5a-1faaa9529af3
81497582-0f61-4fe9-86ed-3ca15b24dc2e
abc59e01-522e-4680-9b6b-7b36019127bd
e943abfa-edd9-4c3b-bfc6-3093685f08e0
12e516ce-aadb-421b-9ab0-9d37254675f8
a4b6bbc1-5704-402a-a646-8b6d68041568
ff2417d1-49f1-453c-b0ba-9bca8c9e3680
779499dd-97eb-427e-bbb7-7e65060b3188
c3a9f2a2-ed25-450e-b88d-7204b3f834ca
678bd5c6-983a-4fd7-85f1-c170f479f892
81a5041d-bba4-495d-a9ec-1082f18ccec4
01966389-92cb-418b-bba4-5be9185cb64b
f107de78-1bc0-439b-8b75-78ec01a7baa6
36b3ba43-9bf4-4592-9eea-31c0435ebef6
32020103-d8c3-443a-800c-9b0ad20e75d1
1250ab88-3a91-4ee3-9480-ee3a60d39984
10dd17c8-61a7-4b3f-911c-f71e22b72466
41e814ef-91f8-4b64-8879-6255475ad5ce
303b7969-2186-4854-8f6f-66b30ce01fb8
cc19bbd0-c306-4646-9528-c6525286c40f
316b616b-6058-433c-80a3-9fa283f85bbf
f606442d-2f04-4db6-b7a0-b8de29df49fa
27fd404b-162e-4481-a42b-bda684630b7e
0102f0b7-1d7f-4e13-b862-9bcba811ee0d
1f3c5adb-4b0c-48ee-b93b-084fe4afe32a
9d8dee42-e2ad-419d-85ea-a68827fd2b9d
ca520d13-2524-493e-9372-b6504aea7b3b
9ddc941c-3950-492f-90f5-474291d97804
97f6b146-8941-43b2-8477-c93cc06b2c3c
e2279e1b-49d2-4d4f-baea-d32a5bf726f9
a6f0b8ba-f8d8-4658-9f5c-002c3dbaa16c
00085dbe-204a-4810-8893-6291b674f765
79702c3f-5743-4b37-afe3-29576197d17f
19df96cb-9184-4223-ba7d-1ff5198c4947
19b714f3-fba3-45ae-9071-a5240baaf6bc
fdb997ee-5a25-42cc-ac7e-b454e36623ce
31a66a61-6716-4adf-bbb1-c83a96a74d9f
45cce939-25cd-41d8-9009-ac9d48294c75
4044b859-1294-4238-a0e6-8da3476b6f21
827ec136-74c5-4f90-a215-bc572de94d0c
e61531d9-edab-492b-af89-14ee07fd7dd0
8986ff2f-3078-4868-a7e9-51dbc786e903
15d3fda4-b7c5-4ffa-99ef-1f4f3c9de89d
656ce5e3-7a5f-439d-82f0-f7f694e307cd
f6fa64f1-8cb3-4664-8958-ebbc60a13ec2
cf79ff13-d09f-462f-9ccf-be7de97f5776
a01d2164-bb1c-494b-af29-0c07f7fb2c7e
e2f4c1f8-c002-4c6b-bfa4-d3519da80a01
6c1b9ab5-c51c-4608-b341-ad4e45f3d656
2e5e0e25-0f85-4621-acf9-ca37907643d8
27904854-1df1-47a8-8398-8dfca172e9e7
ac4a8de0-4396-4b44-9577-38b8295a5688
244b5f24-97e2-4e93-a89a-7b23406943fb
434b4c9c-fbb6-4c0c-b802-e5ed3153cbe2
e8a3643c-3c4f-4b00-9621-98a2cf00c4eb
8953406c-d1ab-40ef-b182-d76e667eac94
ef55b309-fe51-43e4-97a8-aeeb9a29967b
23a656d6-6a59-4ff5-b315-be6553ac17ce
43b5bf0f-b4e0-49ae-b7da-3b7345889359
c586042e-d7d5-4067-8c4a-9c4c0990f335
682a457c-292e-4db3-80e3-c78d0da7f1c3
a4100f64-881e-4403-a061-ae3191f4e6cd
785ea697-a5ca-4440-945e-e17be712c118
463c6526-8f90-47f8-8088-3119a451d50b
729e07ba-32f1-4132-9912-6bce20396c74
61d1ab95-4383-4cfd-8b43-35c57d211899
836d6ec4-b226-4b5c-bbe3-6fb650789abb
d5d01e72-cfff-461b-a2c5-e0e8274177ec
cb8c007c-e50c-4731-b726-311a71ce875f
20fd199c-efac-43a4-81bc-745b821f875f
b005011c-556d-4b74-9e38-ff110ad5c7ee
b9ddd5d7-1773-478b-9c64-4b3db479a5b1
2361c0e2-2b85-46f4-a13f-242d7586ba91
4a14dfb9-0f1a-4b80-bc7b-628109f488ab
d546a6ac-9913-4903-b6b8-aff2e554e23c
4374a5ca-4c11-459b-acf8-f52745ac925a
44f9d7ce-5cd5-494c-9fdf-0ca71c3ccbd3
bc095dc2-335a-4908-be8a-173c7e70384e
2ec1d27b-6e8f-4fba-bc32-133aeaf15103
f0c70f8e-e607-42a4-8569-c613ada5e8e2
c6dd61c8-0ae5-4492-9c0b-8b38ce855626
f85a52fa-b3a0-4aaa-8cfe-b9464ab7e27d
f6cb7d3b-286e-418f-91f5-56f9df5dce0c
d2d7a28e-09d9-4154-af9d-b38c2793e161
c41fc196-e6b7-4558-af47-6c190deba638
96b6f81d-4ea2-4d76-8c67-fd30eff9dff8
36152987-da9f-421b-9745-c92d45ae5d09
cd761dce-7b39-4136-bf39-e0b8957f106e
3ff1b33c-e895-465e-8bd7-21edf6ab5e95
84d95cad-03c3-49d0-89c7-de63669a2fb5
4ccb2b12-efd4-4696-a2ad-e63e82df92ab
81db1565-e485-4944-98c4-415739c15d2d
bec16190-6d87-4284-bdf0-8283f0faadbb
6d511949-3494-4a2d-90b6-93fda3f4c88e
a39d0a1b-caba-486d-83e2-efbdb09df48e
7c45d436-4899-4094-9d37-89b597f1ac25
5054f472-89eb-48c9-a1da-c31b9cd7cef8
009c1bcd-51ad-4c42-8c2d-b0d0bf33a750
04624ed6-dbf1-4afb-ab62-755726d8c843
14295294-7e07-4006-b3fa-def2c5fb2a54
142d6f6e-0142-4b47-9124-c1c2c22927a2
3215fa70-2908-4c42-960c-91f467f1e1e1
438037d0-5ab1-4f40-b2a9-44a29ae9de53
44af4eba-aefa-45dd-aed7-6b6dce9c437f
4eebb71e-7f10-447f-96f1-9196eb45bc81
636a0e96-60e5-424c-9965-6e6c2a9298a5
77a4f72d-0386-4dd5-a2e0-a6c603c3fdca
8aa4959f-c854-492c-bc85-1785fa830c8c
ed216ded-4b3c-45ca-82b6-53a003c4e895
f96f72f7-4966-403b-8208-29988698271e
cc339c8f-c256-4414-a449-08776cc4c622
4d8dbcb9-0134-4662-ae87-56f1e39a44c4
78c35cfe-86c1-4b5d-86bd-04c83aaa50e3
d1a0eb7f-faa1-4883-9c9c-6e85c906c2fe
9b60a198-5d0a-4ec1-b454-59fec1871571
e4f30814-f4cc-4203-bccf-53c6da32b0fa
8e4cef2f-2ba3-427e-ae42-a8b9f0edcb6c
932b8c73-3a13-4da7-bdcb-1ffa1c1e20f1
e5e8e578-4b24-48b2-9a15-130c9682d7ab
cd34af30-266e-4fe0-b989-6b0020d86d8c
d3fa395e-055b-4d1e-935a-5aadd2b3c7f8
fe24ac47-fd58-4e90-8615-483ff5a6097a
3e71fa09-9c56-491f-b441-b4640d347dbf
ae8276f3-04f3-4252-96cb-77b2d29c8ff9
f80a0dc0-5b76-4d00-8e85-eb357894071a
de05ed62-cb88-42c4-bad0-73572d232f76
9be6842c-7ca1-4d31-82b7-cabc49290d14
86255252-69f9-43ae-84b9-bb0487ed980b
4252d4bf-5fb7-4bc0-87f9-ee38e36c130b
6c3b6456-5fb4-43a3-9509-651309edb071
2de14a31-8cd2-4336-90f6-6c643f41b2f0
260d7ada-ff01-47bc-844b-778e5d686382
f31d67d8-916a-483a-8001-ea3a7912ab12
2012646a-33bb-49cb-b93e-d1fb43d8901c
d400f040-34bf-4d4e-8769-069787a7023d
64ebdcf7-bf00-4dc2-9fc4-3464d9488afd
e0691151-de2f-46a0-a33a-930234550c74
499069c6-b8cb-44bd-808e-33ff4a5966f5
7e26af47-1433-4de6-977c-b0f17a47f53b
a1c85921-ee01-4251-9279-dcaceacd190d
04ce2d80-edd7-48f9-9bb0-d8dc51bf1d98
a12ad338-8b69-4699-b71b-9dc38ddbfa1b
a4ba9cfe-d0a8-4f0b-b4ac-4bfacb4ddfd3
372c1a6a-d2eb-47fb-8c93-d7999601cf34
2f865085-8612-4569-bca3-e8f9ef77354f
9d94e1e5-d45e-4090-ad99-2194bd6c1b92
6072a07c-6577-4c94-9dde-980139964997
38693994-904f-4b15-9b77-6b91c40fa262
a848cb2a-9e51-455e-b63c-8225ad2d1ffb
d91eeea4-6ed2-4573-a614-d4dbc5165c8d
a6cdd50c-f269-4a96-bf25-a09a82207316
de31b689-d4be-4e61-8873-d5a1bd538d04
8cd0ba47-018e-4905-894a-e0cda6e57547
beddcd16-509b-44ab-9edc-234e46ee81ac
0bf54c60-375a-46d5-9a3b-728600343825
b40d5b20-b7fe-4312-a144-45cc08666f66
8928a87c-61a9-4b88-95c8-0dc7c65a0d9f
fba4d4bb-cf41-401e-ba75-2f1c883f704b
26bf88f9-c919-4840-8f9c-91f6f66dc537
a40535d8-0a4c-4f19-9912-fcab0957f0c3
73b1260f-94fa-40d7-a21d-07a7a29cc883
09b32701-b27f-4ec3-90b1-2da4d6f9e494
54a43982-ac55-48a0-bdf9-bbb1111a7388
e442cb72-35de-4c6d-8dae-f30ca668b775
72279e48-c135-4381-99a5-47812b0672a6
38e85024-9e6d-4461-bd20-547c5d958adc
42aa3ced-8d82-4592-a1fc-58faa12a3992
1204db9e-1760-421e-96f5-b96a37b009c7
8ad57038-5e1e-4588-bb09-6f16a207eeba
54420bf4-8efa-4a97-879c-5cd9016d4265
516739e3-26f4-41df-b5aa-5ffa2e5e59d8
35be237b-139c-49a1-a8dc-5be8818b9fc9
88b2f56a-6061-4dcf-9cee-cc38675ecc2d
e9bcc4f8-2e84-4561-9e2f-51877ef9f623
126843f7-e9e7-43d0-ad08-cfdff60cbe1a
12066c7f-5abb-4b92-b38d-328b518c3b41
f94d798e-1184-4789-94b1-6e4e192abaed
b5a2e663-fd45-4a95-8afc-b1e04d8684e9
d70ab917-2bdf-47dd-b697-9f3d55b4ff5b
08f01820-6d10-4d48-852e-fa361a6242bf
5674c1d9-4dbe-4f8f-b28e-bb5eb4edda39
40acb4e1-af0e-43cb-a7a6-6355afd58898
b7fd4518-f293-4da0-b4d0-92f38ca05322
8b794275-3763-40c2-bca5-d905bd18f665
a5ec1013-a4b9-4cf1-a870-08ee8300e138
978dc6c3-eec0-44c9-b5e4-0a24be259d37
ea2bbbfc-7817-4e8d-8f4d-9de55a223460
4e9ddcaa-e62f-47b9-b152-a57eed5e159a
4ebb13aa-3ae8-4e96-9bd0-c374483f4eab
c6a72c2b-cc83-4982-ab3f-e026378623df
6d14ad53-28b6-4b0e-9d01-5634bc356a0b
5b30bb33-9c9a-4380-b9e6-25d817fa131a
3dcabfdd-cc03-4626-b5dc-265e77870d26
